INFO:root:InPanel: starting
INFO:root:InPanel: config file : /Users/jksdou/Projects/inpanel/inpanel-v1.2.0/data/config.ini
INFO:root:InPanel: pid file    : /Users/jksdou/Projects/inpanel/inpanel-v1.2.0/data/inpanel.pid
INFO:root:InPanel: runtime type: source
INFO:root:InPanel: runtime path: /Users/jksdou/Projects/inpanel/inpanel-v1.2.0
INFO:root:InPanel: starting
INFO:root:InPanel: config file : /Users/jksdou/Projects/inpanel/inpanel-v1.2.0/data/config.ini
INFO:root:InPanel: pid file    : /Users/jksdou/Projects/inpanel/inpanel-v1.2.0/data/inpanel.pid
INFO:root:InPanel: runtime type: source
INFO:root:InPanel: runtime path: /Users/jksdou/Projects/inpanel/inpanel-v1.2.0
INFO:root:InPanel: starting
INFO:root:InPanel: config file : /Users/jksdou/Projects/inpanel/inpanel-v1.2.0/data/config.ini
INFO:root:InPanel: pid file    : /Users/jksdou/Projects/inpanel/inpanel-v1.2.0/data/inpanel.pid
INFO:root:InPanel: runtime type: source
INFO:root:InPanel: runtime path: /Users/jksdou/Projects/inpanel/inpanel-v1.2.0
INFO:root:InPanel: starting
INFO:root:InPanel: config file : /Users/jksdou/Projects/inpanel/inpanel-v1.2.0/data/config.ini
INFO:root:InPanel: pid file    : /Users/jksdou/Projects/inpanel/inpanel-v1.2.0/data/inpanel.pid
INFO:root:InPanel: runtime type: source
INFO:root:InPanel: runtime path: /Users/jksdou/Projects/inpanel/inpanel-v1.2.0
INFO:root:InPanel: starting
INFO:root:InPanel: config file : /Users/jksdou/Projects/inpanel/inpanel-v1.2.0/data/config.ini
INFO:root:InPanel: pid file    : /Users/jksdou/Projects/inpanel/inpanel-v1.2.0/data/inpanel.pid
INFO:root:InPanel: runtime type: source
INFO:root:InPanel: runtime path: /Users/jksdou/Projects/inpanel/inpanel-v1.2.0
INFO:root:InPanel: starting
INFO:root:InPanel: config file : /Users/jksdou/Projects/inpanel/inpanel-v1.2.0/data/config.ini
INFO:root:InPanel: pid file    : /Users/jksdou/Projects/inpanel/inpanel-v1.2.0/data/inpanel.pid
INFO:root:InPanel: runtime type: source
INFO:root:InPanel: runtime path: /Users/jksdou/Projects/inpanel/inpanel-v1.2.0
INFO:root:InPanel: starting
INFO:root:InPanel: config file : /Users/jksdou/Projects/inpanel/inpanel-v1.2.0/data/config.ini
INFO:root:InPanel: pid file    : /Users/jksdou/Projects/inpanel/inpanel-v1.2.0/data/inpanel.pid
INFO:root:InPanel: runtime type: source
INFO:root:InPanel: runtime path: /Users/jksdou/Projects/inpanel/inpanel-v1.2.0
INFO:root:InPanel: starting
INFO:root:InPanel: config file : /Users/jksdou/Projects/inpanel/inpanel-v1.2.0/data/config.ini
INFO:root:InPanel: pid file    : /Users/jksdou/Projects/inpanel/inpanel-v1.2.0/data/inpanel.pid
INFO:root:InPanel: runtime type: source
INFO:root:InPanel: runtime path: /Users/jksdou/Projects/inpanel/inpanel-v1.2.0
INFO:root:InPanel: starting
INFO:root:InPanel: config file : /Users/jksdou/Projects/inpanel/inpanel-v1.2.0/data/config.ini
INFO:root:InPanel: pid file    : /Users/jksdou/Projects/inpanel/inpanel-v1.2.0/data/inpanel.pid
INFO:root:InPanel: runtime type: source
INFO:root:InPanel: runtime path: /Users/jksdou/Projects/inpanel/inpanel-v1.2.0
INFO:root:InPanel: starting
INFO:root:InPanel: config file : /Users/jksdou/Projects/inpanel/inpanel-v1.2.0/data/config.ini
INFO:root:InPanel: pid file    : /Users/jksdou/Projects/inpanel/inpanel-v1.2.0/data/inpanel.pid
INFO:root:InPanel: runtime type: source
INFO:root:InPanel: runtime path: /Users/jksdou/Projects/inpanel/inpanel-v1.2.0
INFO:root:InPanel: starting
INFO:root:InPanel: config file : /Users/jksdou/Projects/inpanel/inpanel-v1.2.0/data/config.ini
INFO:root:InPanel: pid file    : /Users/jksdou/Projects/inpanel/inpanel-v1.2.0/data/inpanel.pid
INFO:root:InPanel: runtime type: source
INFO:root:InPanel: runtime path: /Users/jksdou/Projects/inpanel/inpanel-v1.2.0
INFO:tornado.access:200 GET / (::1) 24.64ms
INFO:tornado.access:200 GET /static/css/global.css?v=39b82abc7f0f45837429f7836826931dcbdf54adba077e20e0b737711f07b84ae46932024616990b63daaae68b60f143e6fca044382019cf6b2de94fe83052ee (::1) 25.05ms
INFO:tornado.access:200 GET /lib/bootstrap/css/bootstrap.min.css (::1) 36.30ms
INFO:tornado.access:200 GET /lib/codemirror/codemirror.css (::1) 40.82ms
INFO:tornado.access:200 GET /images/loading.gif (::1) 3.40ms
INFO:tornado.access:200 GET /lib/angular/1.0.2/angular.min.js (::1) 14.86ms
INFO:tornado.access:200 GET /lib/jquery/jquery-1.12.4.min.js (::1) 8.88ms
INFO:tornado.access:200 GET /lib/bootstrap/js/bootstrap.min.js (::1) 2.43ms
INFO:tornado.access:200 GET /lib/codemirror/codemirror-compressed.js (::1) 33.67ms
INFO:tornado.access:200 GET /static/js/filters.js?v=83312254b3dc82b099cfa4d0a60f075732979d0578f8cc46f3011a102e4623613bec1315e2f29e2a52e46fbc7a6e1f7ba8a71ef13b4ddf30a0d1132027db6c8d (::1) 44.02ms
INFO:tornado.access:200 GET /static/js/core.js?v=abc17ad0214a98fbbe238ed07756e0602d1502db6f0191d58924424db88b05f286b217a3e31743ceffa1ce65c6f445ea15ac66740af5a727a0677de465effb50 (::1) 48.40ms
INFO:tornado.access:200 GET /static/js/services.js?v=a23d9a3f98769b8a1caa87d59c354dda58db003bf43ecf71c23a655cb3d30ce09e96e996db65242ba1ca97a1f8f05ef5f7d92511a0cab7b3843e0bfee8eb55d9 (::1) 46.49ms
INFO:tornado.access:200 GET /lib/md5/md5.min.js (::1) 2.34ms
INFO:tornado.access:200 GET /static/js/directives.js?v=df1ec503f3c73bf5026b8082135bdb60aba36fdf7fc381629294b2961c840096abda872d17fa9733a40dfd154d802c3094a1363eb87016e7eddd8d883870a637 (::1) 4.54ms
INFO:tornado.access:200 GET /static/js/controllers/service.js?v=053b62134465dd63c27b3afc92f451c5a90ed64e391ab9a9c858c33c994477c3b67357cf9e4ec3fae441d9287351d845c65e58aff735ce6fc47867b3047df4cc (::1) 5.14ms
INFO:tornado.access:200 GET /static/js/controllers/file.js?v=51a14d5fdf2f3d45f44ffa56d0006a1b50d29ea1526858ec43bb6839ae8aea4d671311500e92178503a924a605053a686196460ca42dd0d4cb72daaf57fd3ba4 (::1) 5.47ms
INFO:tornado.access:200 GET /static/js/controllers/site.js?v=f0542b0aefb2e6063fa2fa8bbba90bde38bb2676d379b22a1759dfc1dbc0277194ed336d1f97f294524fa2c88fe4ce3873fb8d1197a83d238569aeaf7c96dc70 (::1) 7.25ms
INFO:tornado.access:200 GET /static/js/controllers/controllers.js?v=b154c91c1260c98d796448a0d1b7dcfe2206132b1f58c3cba59d8c8834b0549e82bf3062cf24b573c161ec90a7331a2faeb2ae4566e888838d8b72f2a8befabd (::1) 9.75ms
INFO:tornado.access:200 GET /static/js/controllers/ecs.js?v=ad03c3a1d768b1759f205a0b10d7561283c05806cd57ec89b9003be4c9dce7288c5751383d2ccb122bf8d28ace4d2ae59f0d0bf218829ea8d4f2227a128cd6be (::1) 4.21ms
INFO:tornado.access:200 GET /static/js/controllers/utils.js?v=cb4cb300c2c06db54b1fc920889b6523e0ed34c4e2136c59ef7f4e506c1996ec2e7ca7730df8d415db3d27df1db647337a64b3c9fd4b8c1f1e28fbd9c00afb37 (::1) 7.92ms
INFO:tornado.access:200 GET /static/js/controllers/database.js?v=0d25900c58088c378c88296dc82c2f5237ca21da736e20a1b855cd2da5d5a38db41071d4e1f72799b1fba93dcb287a587730a9a467feb27d1086c154295b05ca (::1) 2.49ms
INFO:tornado.access:200 GET /static/js/controllers/plugins.js?v=de46d6cd810db55eed300a6e23fbc765bdcebf5d17af149efce4829894e447e6ce98a080e292803c337288ca83fe5cd491530989edb7c041b64d882d2146405c (::1) 2.24ms
INFO:tornado.access:200 GET /partials/directives/message.html (::1) 3.69ms
WARNING:tornado.general:403 POST /api/authstatus (::1): '_xsrf' argument missing from POST
WARNING:tornado.access:403 POST /api/authstatus (::1) 16.52ms
INFO:tornado.access:200 GET /partials/main.html?_v=1642093020 (::1) 3.66ms
INFO:tornado.access:200 GET /favicon.ico (::1) 1.27ms
INFO:tornado.access:304 GET / (::1) 3.73ms
WARNING:tornado.general:403 POST /api/authstatus (::1): '_xsrf' argument missing from POST
WARNING:tornado.access:403 POST /api/authstatus (::1) 5.84ms
WARNING:tornado.access:404 GET /.well-known/appspecific/com.chrome.devtools.json (::1) 0.83ms
INFO:tornado.access:200 GET /lib/bootstrap/css/bootstrap.min.css.map (::1) 10.75ms
INFO:tornado.access:304 GET / (::1) 23.86ms
WARNING:tornado.access:404 GET /.well-known/appspecific/com.chrome.devtools.json (::1) 4.12ms
WARNING:tornado.general:403 POST /api/authstatus (::1): '_xsrf' argument missing from POST
WARNING:tornado.access:403 POST /api/authstatus (::1) 6.63ms
INFO:tornado.access:200 GET /api/authstatus (::1) 5.52ms
WARNING:tornado.access:404 GET /.well-known/appspecific/com.chrome.devtools.json (::1) 1.15ms
INFO:tornado.access:304 GET /api/authstatus (::1) 2.60ms
WARNING:tornado.access:404 GET /.well-known/appspecific/com.chrome.devtools.json (::1) 3.08ms
INFO:tornado.access:304 GET /api/authstatus (::1) 9.64ms
WARNING:tornado.access:404 GET /.well-known/appspecific/com.chrome.devtools.json (::1) 2.20ms
WARNING:tornado.access:404 GET /.well-known/appspecific/com.chrome.devtools.json (::1) 3.39ms
WARNING:tornado.access:404 GET /.well-known/appspecific/com.chrome.devtools.json (::1) 2.26ms
INFO:tornado.access:304 GET / (::1) 21.69ms
WARNING:tornado.access:404 GET /.well-known/appspecific/com.chrome.devtools.json (::1) 8.89ms
WARNING:tornado.general:403 POST /api/authstatus (::1): '_xsrf' argument missing from POST
WARNING:tornado.access:403 POST /api/authstatus (::1) 11.33ms
