2026-07-05 17:19:29,563 - INFO - InPanel: starting
2026-07-05 17:19:29,563 - INFO - InPanel: config file: /Users/jksdou/Projects/inpanel/inpanel-v1.2.0/inpanel/data/config.ini
2026-07-05 17:19:29,563 - INFO - InPanel: pid file: /Users/jksdou/Projects/inpanel/inpanel-v1.2.0/inpanel/data/inpanel.pid
2026-07-05 17:19:29,563 - INFO - InPanel: runtime type: source
2026-07-05 17:19:29,563 - INFO - InPanel: runtime path: /Users/jksdou/Projects/inpanel/inpanel-v1.2.0/inpanel
2026-07-05 17:19:29,576 - INFO - InPanel: runtime mode: prod
2026-07-05 17:19:29,582 - ERROR - 端口 14433 已被占用！ 请检查端口占用情况
2026-07-05 17:20:16,633 - INFO - InPanel: starting
2026-07-05 17:20:16,633 - INFO - InPanel: config file: /Users/jksdou/Projects/inpanel/inpanel-v1.2.0/inpanel/data/config.ini
2026-07-05 17:20:16,633 - INFO - InPanel: pid file: /Users/jksdou/Projects/inpanel/inpanel-v1.2.0/inpanel/data/inpanel.pid
2026-07-05 17:20:16,633 - INFO - InPanel: runtime type: source
2026-07-05 17:20:16,633 - INFO - InPanel: runtime path: /Users/jksdou/Projects/inpanel/inpanel-v1.2.0/inpanel
2026-07-05 17:20:16,643 - INFO - InPanel: runtime mode: prod
2026-07-05 17:20:16,645 - ERROR - 端口 14433 已被占用！ 请检查端口占用情况
InPanel: starting
2026-07-05 17:20:34,757 - INFO - InPanel: starting
2026-07-05 17:20:34,758 - INFO - InPanel: config file: /Users/jksdou/Projects/inpanel/inpanel-v1.2.0/inpanel/data/config.ini
2026-07-05 17:20:34,758 - INFO - InPanel: pid file: /Users/jksdou/Projects/inpanel/inpanel-v1.2.0/inpanel/data/inpanel.pid
2026-07-05 17:20:34,758 - INFO - InPanel: runtime type: source
2026-07-05 17:20:34,758 - INFO - InPanel: runtime path: /Users/jksdou/Projects/inpanel/inpanel-v1.2.0/inpanel
DEBUG: run_type=source, config_path=/Users/jksdou/Projects/inpanel/inpanel-v1.2.0/inpanel/data
2026-07-05 17:20:34,775 - INFO - InPanel: runtime mode: prod
InPanel: runtime mode: prod

[错误] 端口 14433 已被占用！
[提示] 请先停止占用该端口的进程，或修改配置文件中的端口号。
[命令] lsof -i :14433  # 查看占用进程
[命令] kill -9 <PID>  # 终止占用进程
2026-07-05 17:20:34,778 - ERROR - 端口 14433 已被占用！ 请检查端口占用情况
InPanel: starting
2026-07-05 17:20:59,942 - INFO - InPanel: starting
2026-07-05 17:20:59,943 - INFO - InPanel: config file: /Users/jksdou/Projects/inpanel/inpanel-v1.2.0/inpanel/data/config.ini
2026-07-05 17:20:59,944 - INFO - InPanel: pid file: /Users/jksdou/Projects/inpanel/inpanel-v1.2.0/inpanel/data/inpanel.pid
2026-07-05 17:20:59,944 - INFO - InPanel: runtime type: source
2026-07-05 17:20:59,944 - INFO - InPanel: runtime path: /Users/jksdou/Projects/inpanel/inpanel-v1.2.0/inpanel
DEBUG: run_type=source, config_path=/Users/jksdou/Projects/inpanel/inpanel-v1.2.0/inpanel/data
2026-07-05 17:20:59,962 - INFO - InPanel: runtime mode: prod
InPanel: runtime mode: prod

[错误] 端口 14433 已被占用！
[提示] 请先停止占用该端口的进程，或修改配置文件中的端口号。
[命令] lsof -i :14433  # 查看占用进程
[命令] kill -9 <PID>  # 终止占用进程
2026-07-05 17:20:59,964 - ERROR - 端口 14433 已被占用！ 请检查端口占用情况
2026-07-05 17:22:03,132 - INFO - InPanel: starting
2026-07-05 17:22:03,132 - INFO - InPanel: config file: /Users/jksdou/Projects/inpanel/inpanel-v1.2.0/inpanel/data/config.ini
2026-07-05 17:22:03,132 - INFO - InPanel: pid file: /Users/jksdou/Projects/inpanel/inpanel-v1.2.0/inpanel/data/inpanel.pid
2026-07-05 17:22:03,132 - INFO - InPanel: runtime type: source
2026-07-05 17:22:03,132 - INFO - InPanel: runtime path: /Users/jksdou/Projects/inpanel/inpanel-v1.2.0/inpanel
2026-07-05 17:22:03,141 - INFO - InPanel: runtime mode: prod
2026-07-05 17:22:03,143 - ERROR - 端口 14433 已被占用！ 请检查端口占用情况
InPanel: starting
2026-07-05 17:22:54,590 - INFO - InPanel: starting
2026-07-05 17:22:54,591 - INFO - InPanel: config file: /Users/jksdou/Projects/inpanel/inpanel-v1.2.0/inpanel/data/config.ini
2026-07-05 17:22:54,591 - INFO - InPanel: pid file: /Users/jksdou/Projects/inpanel/inpanel-v1.2.0/inpanel/data/inpanel.pid
2026-07-05 17:22:54,591 - INFO - InPanel: runtime type: source
2026-07-05 17:22:54,591 - INFO - InPanel: runtime path: /Users/jksdou/Projects/inpanel/inpanel-v1.2.0/inpanel
DEBUG: run_type=source, config_path=/Users/jksdou/Projects/inpanel/inpanel-v1.2.0/inpanel/data
2026-07-05 17:22:54,608 - INFO - InPanel: runtime mode: prod
InPanel: runtime mode: prod
2026-07-05 17:22:54,610 - INFO - InPanel: started with PID: 57436
InPanel: started with PID: 57436
2026-07-05 17:22:54,611 - INFO - InPanel: running on: http://:14434
InPanel: running on: http://:14434
2026-07-05 17:23:13,006 - INFO - InPanel: shutting down

InPanel: shutting down
2026-07-05 17:23:13,007 - INFO - InPanel: PID file /Users/jksdou/Projects/inpanel/inpanel-v1.2.0/inpanel/data/inpanel.pid removed
2026-07-05 17:23:13,107 - INFO - InPanel: stopped
InPanel: stopped
